0 verbose cli C:\Program Files\nodejs\node.exe C:\Program Files\nodejs\node_modules\npm\bin\npm-cli.js
1 info using npm@10.8.2
2 info using node@v20.18.1
3 silly config load:file:C:\Users\basti\AppData\Roaming\nvm\v20.18.1\node_modules\npm\npmrc
4 silly config load:file:D:\rnhkbp-portal-mvp\.npmrc
5 silly config load:file:C:\Users\basti\.npmrc
6 silly config load:file:C:\Users\basti\npm-global\etc\npmrc
7 verbose title npm install
8 verbose argv "install" "--cache" "./.npm-cache" "--loglevel" "verbose"
9 verbose logfile logs-max:10 dir:D:\rnhkbp-portal-mvp\.npm-cache\_logs\2026-01-19T11_19_59_561Z-
10 verbose logfile D:\rnhkbp-portal-mvp\.npm-cache\_logs\2026-01-19T11_19_59_561Z-debug-0.log
11 silly packumentCache heap:2197815296 maxSize:549453824 maxEntrySize:274726912
12 silly logfile done cleaning log files
13 silly idealTree buildDeps
14 silly reify moves {}
15 silly audit report null
16 verbose cwd D:\rnhkbp-portal-mvp
17 verbose os Windows_NT 10.0.26100
18 verbose node v20.18.1
19 verbose npm  v10.8.2
20 verbose exit 0
21 info ok
